0 info it worked if it ends with ok
1 verbose cli [ '/usr/local/Cellar/node/6.0.0/bin/node',
1 verbose cli   '/usr/local/bin/npm',
1 verbose cli   'start' ]
2 info using npm@4.0.5
3 info using node@v7.4.0
4 verbose run-script [ 'prestart', 'start', 'poststart' ]
5 info lifecycle ng-hack-backend@1.0.0~prestart: ng-hack-backend@1.0.0
6 silly lifecycle ng-hack-backend@1.0.0~prestart: no script for prestart, continuing
7 info lifecycle ng-hack-backend@1.0.0~start: ng-hack-backend@1.0.0
8 verbose lifecycle ng-hack-backend@1.0.0~start: unsafe-perm in lifecycle true
9 verbose lifecycle ng-hack-backend@1.0.0~start: PATH: /usr/local/lib/node_modules/npm/bin/node-gyp-bin:/Users/chrisnwamba/Projects/NGNG/ng-hack-backened/node_modules/.bin:/Users/chrisnwamba/.rvm/gems/ruby-2.3.1/bin:/Users/chrisnwamba/.rvm/gems/ruby-2.3.1@global/bin:/Users/chrisnwamba/.rvm/rubies/ruby-2.3.1/bin:/usr/local/bin:/usr/bin:/bin:/usr/sbin:/sbin:/Users/chrisnwamba/.rvm/gems/ruby-2.3.1/bin:/Users/chrisnwamba/.rvm/gems/ruby-2.3.1@global/bin:/Users/chrisnwamba/.rvm/rubies/ruby-2.3.1/bin:/Users/chrisnwamba/.rvm/bin:/Users/chrisnwamba/.rvm/bin
10 verbose lifecycle ng-hack-backend@1.0.0~start: CWD: /Users/chrisnwamba/Projects/NGNG/ng-hack-backened
11 silly lifecycle ng-hack-backend@1.0.0~start: Args: [ '-c',
11 silly lifecycle   'wt create index --secret MONGO_URL=mongodb://hack:hackpass@ds133261.mlab.com:33261/hack-ng --secret CL_CLOUD_NAME=christekh --secret CL_API_KEY=538641294753298 --secret CL_SECRET=y98Y8ZnsXQfEkba2LfQ0oV7zW_c --bundle --watch' ]
12 silly lifecycle ng-hack-backend@1.0.0~start: Returned: code: 4  signal: null
13 info lifecycle ng-hack-backend@1.0.0~start: Failed to exec start script
14 verbose stack Error: ng-hack-backend@1.0.0 start: `wt create index --secret MONGO_URL=mongodb://hack:hackpass@ds133261.mlab.com:33261/hack-ng --secret CL_CLOUD_NAME=christekh --secret CL_API_KEY=538641294753298 --secret CL_SECRET=y98Y8ZnsXQfEkba2LfQ0oV7zW_c --bundle --watch`
14 verbose stack Exit status 4
14 verbose stack     at EventEmitter.<anonymous> (/usr/local/lib/node_modules/npm/lib/utils/lifecycle.js:279:16)
14 verbose stack     at emitTwo (events.js:106:13)
14 verbose stack     at EventEmitter.emit (events.js:191:7)
14 verbose stack     at ChildProcess.<anonymous> (/usr/local/lib/node_modules/npm/lib/utils/spawn.js:40:14)
14 verbose stack     at emitTwo (events.js:106:13)
14 verbose stack     at ChildProcess.emit (events.js:191:7)
14 verbose stack     at maybeClose (internal/child_process.js:885:16)
14 verbose stack     at Process.ChildProcess._handle.onexit (internal/child_process.js:226:5)
15 verbose pkgid ng-hack-backend@1.0.0
16 verbose cwd /Users/chrisnwamba/Projects/NGNG/ng-hack-backened
17 error Darwin 16.5.0
18 error argv "/usr/local/Cellar/node/6.0.0/bin/node" "/usr/local/bin/npm" "start"
19 error node v7.4.0
20 error npm  v4.0.5
21 error code ELIFECYCLE
22 error ng-hack-backend@1.0.0 start: `wt create index --secret MONGO_URL=mongodb://hack:hackpass@ds133261.mlab.com:33261/hack-ng --secret CL_CLOUD_NAME=christekh --secret CL_API_KEY=538641294753298 --secret CL_SECRET=y98Y8ZnsXQfEkba2LfQ0oV7zW_c --bundle --watch`
22 error Exit status 4
23 error Failed at the ng-hack-backend@1.0.0 start script 'wt create index --secret MONGO_URL=mongodb://hack:hackpass@ds133261.mlab.com:33261/hack-ng --secret CL_CLOUD_NAME=christekh --secret CL_API_KEY=538641294753298 --secret CL_SECRET=y98Y8ZnsXQfEkba2LfQ0oV7zW_c --bundle --watch'.
23 error Make sure you have the latest version of node.js and npm installed.
23 error If you do, this is most likely a problem with the ng-hack-backend package,
23 error not with npm itself.
23 error Tell the author that this fails on your system:
23 error     wt create index --secret MONGO_URL=mongodb://hack:hackpass@ds133261.mlab.com:33261/hack-ng --secret CL_CLOUD_NAME=christekh --secret CL_API_KEY=538641294753298 --secret CL_SECRET=y98Y8ZnsXQfEkba2LfQ0oV7zW_c --bundle --watch
23 error You can get information on how to open an issue for this project with:
23 error     npm bugs ng-hack-backend
23 error Or if that isn't available, you can get their info via:
23 error     npm owner ls ng-hack-backend
23 error There is likely additional logging output above.
24 verbose exit [ 1, true ]
